[debug] [2020-09-09T09:09:59.615Z] ----------------------------------------------------------------------
[debug] [2020-09-09T09:09:59.618Z] Command:       /usr/bin/node /home/developer-side/.npm-global/bin/firebase login
[debug] [2020-09-09T09:09:59.619Z] CLI Version:   8.10.0
[debug] [2020-09-09T09:09:59.619Z] Platform:      linux
[debug] [2020-09-09T09:09:59.619Z] Node Version:  v14.9.0
[debug] [2020-09-09T09:09:59.620Z] Time:          Wed Sep 09 2020 16:09:59 GMT+0700 (Western Indonesia Time)
[debug] [2020-09-09T09:09:59.621Z] ----------------------------------------------------------------------
[debug] [2020-09-09T09:09:59.621Z] 
[info] i  Firebase optionally collects CLI usage and error reporting information to help improve our products. Data is collected in accordance with Google's privacy policy (https://policies.google.com/privacy) and is not used to identify you.
 
[info] i  To change your data collection preference at any time, run `firebase logout` and log in again. 
[info] 
[info] Visit this URL on this device to log in:
[info] https://accounts.google.com/o/oauth2/auth?client_id=563584335869-fgrhgmd47bqnekij5i8b5pr03ho849e6.apps.googleusercontent.com&scope=email%20openid%20https%3A%2F%2Fwww.googleapis.com%2Fauth%2Fcloudplatformprojects.readonly%20https%3A%2F%2Fwww.googleapis.com%2Fauth%2Ffirebase%20https%3A%2F%2Fwww.googleapis.com%2Fauth%2Fcloud-platform&response_type=code&state=70644455&redirect_uri=http%3A%2F%2Flocalhost%3A9005
[info] 
[info] Waiting for authentication...
[debug] [2020-09-09T09:10:31.900Z] >>> HTTP REQUEST POST https://accounts.google.com/o/oauth2/token  
 {"code":"4/3wHgyy9ueaLrULC-62xLN38y7-OO3Ysgut2Wc3AXlSuwGgVOMfqsq4aV--qHfZJHYcxuxkZaZuUsk6mBMGvMeIA","client_id":"563584335869-fgrhgmd47bqnekij5i8b5pr03ho849e6.apps.googleusercontent.com","client_secret":"j9iVZfS8kkCEFUPaAeJV0sAi","redirect_uri":"http://localhost:9005","grant_type":"authorization_code"}
[debug] [2020-09-09T09:10:31.927Z] Token Fetch Error: FirebaseError: Server Error. tunneling socket could not be established, cause=socket hang up
    at Request._callback (/home/developer-side/.npm-global/lib/node_modules/firebase-tools/lib/api.js:32:31)
    at self.callback (/home/developer-side/.npm-global/lib/node_modules/firebase-tools/node_modules/request/request.js:185:22)
    at Request.emit (events.js:314:20)
    at Request.EventEmitter.emit (domain.js:486:12)
    at Request.onRequestError (/home/developer-side/.npm-global/lib/node_modules/firebase-tools/node_modules/request/request.js:877:8)
    at ClientRequest.emit (events.js:314:20)
    at ClientRequest.EventEmitter.emit (domain.js:486:12)
    at ClientRequest.onError (/home/developer-side/.npm-global/lib/node_modules/firebase-tools/node_modules/tunnel-agent/index.js:179:21)
    at Object.onceWrapper (events.js:421:26)
    at ClientRequest.emit (events.js:314:20)
    at ClientRequest.EventEmitter.emit (domain.js:486:12)
    at Socket.socketOnEnd (_http_client.js:493:9)
    at Socket.emit (events.js:326:22)
    at Socket.EventEmitter.emit (domain.js:486:12)
    at endReadableNT (_stream_readable.js:1244:12)
    at processTicksAndRejections (internal/process/task_queues.js:80:21)
[debug] [2020-09-09T09:11:17.175Z] ----------------------------------------------------------------------
[debug] [2020-09-09T09:11:17.179Z] Command:       /usr/bin/node /home/developer-side/.npm-global/bin/firebase login
[debug] [2020-09-09T09:11:17.179Z] CLI Version:   8.10.0
[debug] [2020-09-09T09:11:17.179Z] Platform:      linux
[debug] [2020-09-09T09:11:17.180Z] Node Version:  v14.9.0
[debug] [2020-09-09T09:11:17.180Z] Time:          Wed Sep 09 2020 16:11:17 GMT+0700 (Western Indonesia Time)
[debug] [2020-09-09T09:11:17.180Z] ----------------------------------------------------------------------
[debug] [2020-09-09T09:11:17.181Z] 
[info] i  Firebase optionally collects CLI usage and error reporting information to help improve our products. Data is collected in accordance with Google's privacy policy (https://policies.google.com/privacy) and is not used to identify you.
 
[info] i  To change your data collection preference at any time, run `firebase logout` and log in again. 
[info] 
[info] Visit this URL on this device to log in:
[info] https://accounts.google.com/o/oauth2/auth?client_id=563584335869-fgrhgmd47bqnekij5i8b5pr03ho849e6.apps.googleusercontent.com&scope=email%20openid%20https%3A%2F%2Fwww.googleapis.com%2Fauth%2Fcloudplatformprojects.readonly%20https%3A%2F%2Fwww.googleapis.com%2Fauth%2Ffirebase%20https%3A%2F%2Fwww.googleapis.com%2Fauth%2Fcloud-platform&response_type=code&state=978410727&redirect_uri=http%3A%2F%2Flocalhost%3A9005
[info] 
[info] Waiting for authentication...
[debug] [2020-09-09T09:11:36.633Z] >>> HTTP REQUEST POST https://accounts.google.com/o/oauth2/token  
 {"code":"4/3wF1mul3YHKDcRUqVRazHCLaYZRP1KifUtu4qEaFY9V2rfBn7_K7VJOWu98qPW-BYHwDFN1tUTWVoiWMX_Xg3tI","client_id":"563584335869-fgrhgmd47bqnekij5i8b5pr03ho849e6.apps.googleusercontent.com","client_secret":"j9iVZfS8kkCEFUPaAeJV0sAi","redirect_uri":"http://localhost:9005","grant_type":"authorization_code"}
[debug] [2020-09-09T09:11:36.662Z] Token Fetch Error: FirebaseError: Server Error. tunneling socket could not be established, cause=socket hang up
    at Request._callback (/home/developer-side/.npm-global/lib/node_modules/firebase-tools/lib/api.js:32:31)
    at self.callback (/home/developer-side/.npm-global/lib/node_modules/firebase-tools/node_modules/request/request.js:185:22)
    at Request.emit (events.js:314:20)
    at Request.EventEmitter.emit (domain.js:486:12)
    at Request.onRequestError (/home/developer-side/.npm-global/lib/node_modules/firebase-tools/node_modules/request/request.js:877:8)
    at ClientRequest.emit (events.js:314:20)
    at ClientRequest.EventEmitter.emit (domain.js:486:12)
    at ClientRequest.onError (/home/developer-side/.npm-global/lib/node_modules/firebase-tools/node_modules/tunnel-agent/index.js:179:21)
    at Object.onceWrapper (events.js:421:26)
    at ClientRequest.emit (events.js:314:20)
    at ClientRequest.EventEmitter.emit (domain.js:486:12)
    at Socket.socketOnEnd (_http_client.js:493:9)
    at Socket.emit (events.js:326:22)
    at Socket.EventEmitter.emit (domain.js:486:12)
    at endReadableNT (_stream_readable.js:1244:12)
    at processTicksAndRejections (internal/process/task_queues.js:80:21)
